[Sun May  4 04:58:04 AM +07 2025] Starting npm dev...

> hcai-frontend@0.0.0 dev
> vite


  VITE v6.3.3  ready in 228 ms

  ➜  Local:   http://localhost:5173/
  ➜  Network: use --host to expose
[Sun May  4 04:59:38 AM +07 2025] Script interrupted. Shutting down.
[Sun May  4 04:59:38 AM +07 2025] npm dev stopped.
[Sun May  4 05:11:53 AM +07 2025] Starting npm dev...

> hcai-frontend@0.0.0 dev
> vite


  VITE v6.3.3  ready in 523 ms

  ➜  Local:   http://localhost:5173/
  ➜  Network: use --host to expose
[Sun May  4 05:13:07 AM +07 2025] Script interrupted. Shutting down.
[Sun May  4 05:13:07 AM +07 2025] npm dev stopped.
[Sun May  4 05:46:02 AM +07 2025] Starting npm dev...

> hcai-frontend@0.0.0 dev
> vite


  VITE v6.3.3  ready in 476 ms

  ➜  Local:   http://localhost:5173/
  ➜  Network: use --host to expose
[Sun May  4 05:46:05 AM +07 2025] Script interrupted. Shutting down.
[Sun May  4 05:46:05 AM +07 2025] npm dev stopped.
[Sun May  4 05:46:12 AM +07 2025] Starting npm dev...

> hcai-frontend@0.0.0 dev
> vite


  VITE v6.3.3  ready in 303 ms

  ➜  Local:   http://localhost:5173/
  ➜  Network: use --host to expose
[Sun May  4 05:49:27 AM +07 2025] Script interrupted. Shutting down.
[Sun May  4 05:49:27 AM +07 2025] npm dev stopped.
[Sun May  4 05:49:30 AM +07 2025] Starting npm dev...

> hcai-frontend@0.0.0 dev
> vite


  VITE v6.3.3  ready in 530 ms

  ➜  Local:   http://localhost:5173/
  ➜  Network: use --host to expose
[Sun May  4 05:50:50 AM +07 2025] Script interrupted. Shutting down.
[Sun May  4 05:50:50 AM +07 2025] npm dev stopped.
[Sun May  4 05:50:51 AM +07 2025] Starting npm dev...

> hcai-frontend@0.0.0 dev
> vite


  VITE v6.3.3  ready in 483 ms

  ➜  Local:   http://localhost:5173/
  ➜  Network: use --host to expose
[Sun May  4 05:52:39 AM +07 2025] Script interrupted. Shutting down.
[Sun May  4 05:52:39 AM +07 2025] npm dev stopped.
[Sun May  4 05:52:42 AM +07 2025] Starting npm dev...

> hcai-frontend@0.0.0 dev
> vite


  VITE v6.3.3  ready in 213 ms

  ➜  Local:   http://localhost:5173/
  ➜  Network: use --host to expose
[Sun May  4 05:52:49 AM +07 2025] Script interrupted. Shutting down.
[Sun May  4 05:52:49 AM +07 2025] npm dev stopped.
[Sun May  4 05:53:04 AM +07 2025] Starting npm dev...

> hcai-frontend@0.0.0 dev
> vite


  VITE v6.3.3  ready in 227 ms

  ➜  Local:   http://localhost:5173/
  ➜  Network: use --host to expose
[Sun May  4 05:54:43 AM +07 2025] Script interrupted. Shutting down.
[Sun May  4 05:54:43 AM +07 2025] npm dev stopped.
